<?xml version="1.0" encoding="UTF-8"?>
<testng-results skipped="0" failed="1" ignored="0" total="1" passed="0">
  <reporter-output>
    <line>
      <![CDATA[----------- Application Launch Browser ::: -----------------]]>
    </line>
    <line>
      <![CDATA[Application Title :: JetBlue | Plan a trip]]>
    </line>
    <line>
      <![CDATA[----- Click on RoundTrip  ------- ]]>
    </line>
    <line>
      <![CDATA[Click on RoundTrip  ::: Success]]>
    </line>
    <line>
      <![CDATA[Selection of City ::: Success]]>
    </line>
    <line>
      <![CDATA[Departure Date Seleted ::: Success]]>
    </line>
    <line>
      <![CDATA[Return Date Seleted ::: Success]]>
    </line>
    <line>
      <![CDATA[Search Flight Operation ::: Success]]>
    </line>
    <line>
      <![CDATA[Departure timing is matching ]]>
    </line>
    <line>
      <![CDATA[----------- Application Closed-----------------]]>
    </line>
  </reporter-output>
  <suite name="Default suite" duration-ms="52933" started-at="2017-05-21T07:15:12Z" finished-at="2017-05-21T07:16:05Z">
    <groups>
    </groups>
    <test name="Default test" duration-ms="52933" started-at="2017-05-21T07:15:12Z" finished-at="2017-05-21T07:16:05Z">
      <class name="Login.Domestic_Booking_RoundTrip">
        <test-method status="PASS" signature="Application_Launch()[pri:0, instance:Login.Domestic_Booking_RoundTrip@31fa1761]" name="Application_Launch" is-config="true" duration-ms="21404" started-at="2017-05-21T12:45:12Z" finished-at="2017-05-21T12:45:34Z">
          <reporter-output>
            <line>
              <![CDATA[----------- Application Launch Browser ::: -----------------]]>
            </line>
            <line>
              <![CDATA[Application Title :: JetBlue | Plan a trip]]>
            </line>
          </reporter-output>
        </test-method> <!-- Application_Launch -->
        <test-method status="FAIL" signature="RoundTrip()[pri:0, instance:Login.Domestic_Booking_RoundTrip@31fa1761]" name="RoundTrip" duration-ms="31502" started-at="2017-05-21T12:45:34Z" finished-at="2017-05-21T12:46:05Z">
          <exception class="org.openqa.selenium.NoSuchElementException">
            <message>
              <![CDATA[Unable to locate element: /ancestor::*//td[@class='colDepart']
For documentation on this error, please visit: http://seleniumhq.org/exceptions/no_such_element.html
Build info: version: '3.4.0', revision: 'unknown', time: 'unknown'
System info: host: 'MAMTA-PC', ip: '169.254.196.85', os.name: 'Windows 7', os.arch: 'amd64', os.version: '6.1', java.version: '1.8.0_131'
Driver info: org.openqa.selenium.firefox.FirefoxDriver
Capabilities [{moz:profile=C:\Users\mamta\AppData\Local\Temp\rust_mozprofile.9n7YKdZuUAQe, rotatable=false, timeouts={implicit=0.0, pageLoad=300000.0, script=30000.0}, pageLoadStrategy=normal, platform=ANY, specificationLevel=0.0, moz:accessibilityChecks=false, acceptInsecureCerts=false, browserVersion=53.0.2, platformVersion=6.1, moz:processID=4764.0, browserName=firefox, javascriptEnabled=true, platformName=windows_nt}]
Session ID: 26b71f03-a12f-4b54-a157-528b8af57e3f
*** Element info: {Using=xpath, value=/ancestor::*//td[@class='colDepart']}]]>
            </message>
            <full-stacktrace>
              <![CDATA[org.openqa.selenium.NoSuchElementException: Unable to locate element: /ancestor::*//td[@class='colDepart']
For documentation on this error, please visit: http://seleniumhq.org/exceptions/no_such_element.html
Build info: version: '3.4.0', revision: 'unknown', time: 'unknown'
System info: host: 'MAMTA-PC', ip: '169.254.196.85', os.name: 'Windows 7', os.arch: 'amd64', os.version: '6.1', java.version: '1.8.0_131'
Driver info: org.openqa.selenium.firefox.FirefoxDriver
Capabilities [{moz:profile=C:\Users\mamta\AppData\Local\Temp\rust_mozprofile.9n7YKdZuUAQe, rotatable=false, timeouts={implicit=0.0, pageLoad=300000.0, script=30000.0}, pageLoadStrategy=normal, platform=ANY, specificationLevel=0.0, moz:accessibilityChecks=false, acceptInsecureCerts=false, browserVersion=53.0.2, platformVersion=6.1, moz:processID=4764.0, browserName=firefox, javascriptEnabled=true, platformName=windows_nt}]
Session ID: 26b71f03-a12f-4b54-a157-528b8af57e3f
*** Element info: {Using=xpath, value=/ancestor::*//td[@class='colDepart']}
	at sun.reflect.NativeConstructorAccessorImpl.newInstance0(Native Method)
	at sun.reflect.NativeConstructorAccessorImpl.newInstance(Unknown Source)
	at sun.reflect.DelegatingConstructorAccessorImpl.newInstance(Unknown Source)
	at java.lang.reflect.Constructor.newInstance(Unknown Source)
	at org.openqa.selenium.remote.http.W3CHttpResponseCodec.createException(W3CHttpResponseCodec.java:150)
	at org.openqa.selenium.remote.http.W3CHttpResponseCodec.decode(W3CHttpResponseCodec.java:115)
	at org.openqa.selenium.remote.http.W3CHttpResponseCodec.decode(W3CHttpResponseCodec.java:45)
	at org.openqa.selenium.remote.HttpCommandExecutor.execute(HttpCommandExecutor.java:164)
	at org.openqa.selenium.remote.service.DriverCommandExecutor.execute(DriverCommandExecutor.java:82)
	at org.openqa.selenium.remote.RemoteWebDriver.execute(RemoteWebDriver.java:637)
	at org.openqa.selenium.remote.RemoteWebElement.execute(RemoteWebElement.java:272)
	at org.openqa.selenium.remote.RemoteWebElement.findElement(RemoteWebElement.java:175)
	at org.openqa.selenium.remote.RemoteWebElement.findElementByXPath(RemoteWebElement.java:248)
	at org.openqa.selenium.By$ByXPath.findElement(By.java:361)
	at org.openqa.selenium.remote.RemoteWebElement.findElement(RemoteWebElement.java:171)
	at Login.Domestic_Booking_RoundTrip.RoundTrip(Domestic_Booking_RoundTrip.java:107)
	at sun.reflect.NativeMethodAccessorImpl.invoke0(Native Method)
	at sun.reflect.NativeMethodAccessorImpl.invoke(Unknown Source)
	at sun.reflect.DelegatingMethodAccessorImpl.invoke(Unknown Source)
	at java.lang.reflect.Method.invoke(Unknown Source)
	at org.testng.internal.MethodInvocationHelper.invokeMethod(MethodInvocationHelper.java:104)
	at org.testng.internal.Invoker.invokeMethod(Invoker.java:644)
	at org.testng.internal.Invoker.invokeTestMethod(Invoker.java:850)
	at org.testng.internal.Invoker.invokeTestMethods(Invoker.java:1176)
	at org.testng.internal.TestMethodWorker.invokeTestMethods(TestMethodWorker.java:128)
	at org.testng.internal.TestMethodWorker.run(TestMethodWorker.java:112)
	at org.testng.TestRunner.privateRun(TestRunner.java:756)
	at org.testng.TestRunner.run(TestRunner.java:610)
	at org.testng.SuiteRunner.runTest(SuiteRunner.java:387)
	at org.testng.SuiteRunner.runSequentially(SuiteRunner.java:382)
	at org.testng.SuiteRunner.privateRun(SuiteRunner.java:340)
	at org.testng.SuiteRunner.run(SuiteRunner.java:289)
	at org.testng.SuiteRunnerWorker.runSuite(SuiteRunnerWorker.java:52)
	at org.testng.SuiteRunnerWorker.run(SuiteRunnerWorker.java:86)
	at org.testng.TestNG.runSuitesSequentially(TestNG.java:1299)
	at org.testng.TestNG.runSuitesLocally(TestNG.java:1224)
	at org.testng.TestNG.runSuites(TestNG.java:1139)
	at org.testng.TestNG.run(TestNG.java:1110)
	at org.testng.remote.AbstractRemoteTestNG.run(AbstractRemoteTestNG.java:132)
	at org.testng.remote.RemoteTestNG.initAndRun(RemoteTestNG.java:236)
	at org.testng.remote.RemoteTestNG.main(RemoteTestNG.java:81)
]]>
            </full-stacktrace>
          </exception> <!-- org.openqa.selenium.NoSuchElementException -->
          <reporter-output>
            <line>
              <![CDATA[----- Click on RoundTrip  ------- ]]>
            </line>
            <line>
              <![CDATA[Click on RoundTrip  ::: Success]]>
            </line>
            <line>
              <![CDATA[Selection of City ::: Success]]>
            </line>
            <line>
              <![CDATA[Departure Date Seleted ::: Success]]>
            </line>
            <line>
              <![CDATA[Return Date Seleted ::: Success]]>
            </line>
            <line>
              <![CDATA[Search Flight Operation ::: Success]]>
            </line>
            <line>
              <![CDATA[Departure timing is matching ]]>
            </line>
          </reporter-output>
        </test-method> <!-- RoundTrip -->
        <test-method status="PASS" signature="CloseApplication()[pri:0, instance:Login.Domestic_Booking_RoundTrip@31fa1761]" name="CloseApplication" is-config="true" duration-ms="0" started-at="2017-05-21T12:46:05Z" finished-at="2017-05-21T12:46:05Z">
          <reporter-output>
            <line>
              <![CDATA[----------- Application Closed-----------------]]>
            </line>
          </reporter-output>
        </test-method> <!-- CloseApplication -->
      </class> <!-- Login.Domestic_Booking_RoundTrip -->
    </test> <!-- Default test -->
  </suite> <!-- Default suite -->
</testng-results>
